<?xml version="1.0" encoding="UTF-8"?>
<testng-results ignored="0" total="1" passed="1" failed="0" skipped="0">
  <reporter-output>
  </reporter-output>
  <suite started-at="2022-08-07T13:12:52 IST" name="Default suite" finished-at="2022-08-07T13:13:00 IST" duration-ms="8456">
    <groups>
    </groups>
    <test started-at="2022-08-07T13:12:52 IST" name="Default test" finished-at="2022-08-07T13:13:00 IST" duration-ms="8456">
      <class name="ecomTest.helloSelnm">
        <test-method signature="demo()[pri:0, instance:ecomTest.helloSelnm@3911c2a7]" started-at="2022-08-07T13:12:52 IST" name="demo" finished-at="2022-08-07T13:13:00 IST" duration-ms="8368" status="PASS">
          <reporter-output>
          </reporter-output>
        </test-method> <!-- demo -->
      </class> <!-- ecomTest.helloSelnm -->
    </test> <!-- Default test -->
  </suite> <!-- Default suite -->
</testng-results>
